<?xml version="1.0" encoding="UTF-8"?>
<!-- Generated by org.testng.reporters.JUnitReportReporter -->
<testsuite hostname="DESKTOP-GH05O83" failures="0" tests="8" name="org.automation.testcases.ValidateLoginFunctionality" time="92.930" errors="0" timestamp="30 Apr 2024 08:02:53 GMT" skipped="0">
  <testcase classname="org.automation.testcases.ValidateLoginFunctionality" name="loingTest" time="7.120"/>
  <testcase classname="org.automation.testcases.ValidateLoginFunctionality" name="loingTest" time="8.542"/>
  <testcase classname="org.automation.testcases.ValidateLoginFunctionality" name="loingTest" time="9.472"/>
  <testcase classname="org.automation.testcases.ValidateLoginFunctionality" name="loingTest" time="7.273"/>
  <testcase classname="org.automation.testcases.ValidateLoginFunctionality" name="loingTest" time="10.511"/>
  <testcase classname="org.automation.testcases.ValidateLoginFunctionality" name="loingTest" time="33.707"/>
  <testcase classname="org.automation.testcases.ValidateLoginFunctionality" name="loingTest" time="8.471"/>
  <testcase classname="org.automation.testcases.ValidateLoginFunctionality" name="loingTest" time="7.834"/>
</testsuite> <!-- org.automation.testcases.ValidateLoginFunctionality -->
